<?xml version="1.0" encoding="UTF-8"?>
<!-- Generated by org.testng.reporters.JUnitReportReporter -->
<testsuite skipped="0" hostname="OSIT-L-0209" name="com.qa.tests.PutAPITest" tests="1" failures="0" timestamp="26 Nov 2018 06:20:05 GMT" time="1.563" errors="0">
  <testcase name="putAPITest" time="1.563" classname="com.qa.tests.PutAPITest"/>
</testsuite> <!-- com.qa.tests.PutAPITest -->
