<?xml version="1.0" encoding="UTF-8"?>
<!-- Generated by org.testng.reporters.JUnitReportReporter -->
<testsuite skipped="0" hostname="OSIT-L-0209" name="com.qa.tests.GetAPITest" tests="1" failures="0" timestamp="27 Nov 2018 09:38:26 GMT" time="1.433" errors="0">
  <testcase name="getAPITest" time="1.433" classname="com.qa.tests.GetAPITest"/>
</testsuite> <!-- com.qa.tests.GetAPITest -->
