<?xml version="1.0" encoding="UTF-8"?>
<!-- Generated by org.testng.reporters.JUnitReportReporter -->
<testsuite skipped="0" hostname="OSIT-L-0209" name="com.qa.tests.GetAPITest" tests="2" failures="0" timestamp="27 Nov 2018 11:18:56 GMT" time="1.819" errors="0">
  <testcase name="getAPITestWithOutHeaders" time="1.388" classname="com.qa.tests.GetAPITest"/>
  <testcase name="getAPITestWithHeaders" time="0.431" classname="com.qa.tests.GetAPITest"/>
</testsuite> <!-- com.qa.tests.GetAPITest -->
