<?xml version="1.0" encoding="UTF-8"?>
<!-- Generated by org.testng.reporters.JUnitReportReporter -->
<testsuite skipped="0" hostname="OSIT-L-0209" name="com.qa.tests.GetAPITest" tests="1" failures="0" timestamp="23 Nov 2018 11:00:13 GMT" time="1.535" errors="0">
  <testcase name="getAPITest" time="1.535" classname="com.qa.tests.GetAPITest"/>
</testsuite> <!-- com.qa.tests.GetAPITest -->
